Build started 6/20/2015 11:04:37 PM.
     1>Project "C:\temp\PCSCJavaSolution\vc_workspace\org.zsd.win32.utils\org.zsd.win32.utils.vcxproj" on node 2 (build target(s)).
     1>InitializeBuildStatus:
         Creating "Release\org.zsd.win32.utils.unsuccessfulbuild" because "AlwaysCreate" was specified.
       ClCompile:
         c:\Program Files (x86)\Microsoft Visual Studio 10.0\VC\bin\CL.exe /c /IC:\java70\include /IC:\java70\include\win32 /Zi /nologo /W3 /WX- /O2 /Oi /Oy- /GL /D WIN32 /D NDEBUG /D _WINDOWS /D _USRDLL /D ORGZSDWIN32UTILS_EXPORTS /D _WINDLL /D _UNICODE /D UNICODE /Gm- /EHsc /MD /GS /Gy /fp:precise /Zc:wchar_t /Zc:forScope /Yc"StdAfx.h" /Fp"Release\org.zsd.win32.utils.pch" /Fo"Release\\" /Fd"Release\vc100.pdb" /Gd /TP /analyze- /errorReport:prompt stdafx.cpp
         stdafx.cpp
         c:\Program Files (x86)\Microsoft Visual Studio 10.0\VC\bin\CL.exe /c /IC:\java70\include /IC:\java70\include\win32 /Zi /nologo /W3 /WX- /O2 /Oi /Oy- /GL /D WIN32 /D NDEBUG /D _WINDOWS /D _USRDLL /D ORGZSDWIN32UTILS_EXPORTS /D _WINDLL /D _UNICODE /D UNICODE /Gm- /EHsc /MD /GS /Gy /fp:precise /Zc:wchar_t /Zc:forScope /Fo"Release\\" /Fd"Release\vc100.pdb" /Gd /TP /analyze- /errorReport:prompt dllmain.cpp
         dllmain.cpp
         c:\Program Files (x86)\Microsoft Visual Studio 10.0\VC\bin\CL.exe /c /IC:\java70\include /IC:\java70\include\win32 /Zi /nologo /W3 /WX- /O2 /Oi /Oy- /GL /D WIN32 /D NDEBUG /D _WINDOWS /D _USRDLL /D ORGZSDWIN32UTILS_EXPORTS /D _WINDLL /D _UNICODE /D UNICODE /Gm- /EHsc /MD /GS /Gy /fp:precise /Zc:wchar_t /Zc:forScope /Yu"StdAfx.h" /Fp"Release\org.zsd.win32.utils.pch" /Fo"Release\\" /Fd"Release\vc100.pdb" /Gd /TP /analyze- /errorReport:prompt org_zsd_win32_utils_OSNative.cpp
         org_zsd_win32_utils_OSNative.cpp
     1>org_zsd_win32_utils_OSNative.cpp(198): warning C4996: 'strncpy': This function or variable may be unsafe. Consider using strncpy_s instead. To disable deprecation, use _CRT_SECURE_NO_WARNINGS. See online help for details.
                 c:\Program Files (x86)\Microsoft Visual Studio 10.0\VC\include\string.h(188) : see declaration of 'strncpy'
     1>org_zsd_win32_utils_OSNative.cpp(205): warning C4996: 'wcsncpy': This function or variable may be unsafe. Consider using wcsncpy_s instead. To disable deprecation, use _CRT_SECURE_NO_WARNINGS. See online help for details.
                 c:\Program Files (x86)\Microsoft Visual Studio 10.0\VC\include\string.h(306) : see declaration of 'wcsncpy'
       Link:
         c:\Program Files (x86)\Microsoft Visual Studio 10.0\VC\bin\link.exe /ERRORREPORT:PROMPT /OUT:"C:\temp\PCSCJavaSolution\vc_workspace\Release\org.zsd.win32.utils.dll" /INCREMENTAL:NO /NOLOGO kernel32.lib user32.lib gdi32.lib winspool.lib comdlg32.lib advapi32.lib shell32.lib ole32.lib oleaut32.lib uuid.lib odbc32.lib odbccp32.lib /MANIFEST /ManifestFile:"Release\org.zsd.win32.utils.dll.intermediate.manifest" /MANIFESTUAC:"level='asInvoker' uiAccess='false'" /DEBUG /PDB:"C:\temp\PCSCJavaSolution\vc_workspace\Release\org.zsd.win32.utils.pdb" /SUBSYSTEM:WINDOWS /OPT:REF /OPT:ICF /LTCG /TLBID:1 /DYNAMICBASE /NXCOMPAT /IMPLIB:"C:\temp\PCSCJavaSolution\vc_workspace\Release\org.zsd.win32.utils.lib" /MACHINE:X86 /DLL Release\dllmain.obj
         Release\org_zsd_win32_utils_OSNative.obj
         Release\stdafx.obj
            Creating library C:\temp\PCSCJavaSolution\vc_workspace\Release\org.zsd.win32.utils.lib and object C:\temp\PCSCJavaSolution\vc_workspace\Release\org.zsd.win32.utils.exp
         Generating code
         Finished generating code
         org.zsd.win32.utils.vcxproj -> C:\temp\PCSCJavaSolution\vc_workspace\Release\org.zsd.win32.utils.dll
       Manifest:
         C:\Program Files (x86)\Microsoft SDKs\Windows\v7.0A\bin\mt.exe /nologo /verbose /outputresource:"C:\temp\PCSCJavaSolution\vc_workspace\Release\org.zsd.win32.utils.dll;#2" /manifest Release\org.zsd.win32.utils.dll.intermediate.manifest
       FinalizeBuildStatus:
         Deleting file "Release\org.zsd.win32.utils.unsuccessfulbuild".
         Touching "Release\org.zsd.win32.utils.lastbuildstate".
     1>Done Building Project "C:\temp\PCSCJavaSolution\vc_workspace\org.zsd.win32.utils\org.zsd.win32.utils.vcxproj" (build target(s)).

Build succeeded.

Time Elapsed 00:00:01.74
