C:\temp\PCSCJavaSolution\vc_workspace\org.zsd.win32.utils\Release\cl.command.1.tlog
C:\temp\PCSCJavaSolution\vc_workspace\org.zsd.win32.utils\Release\CL.read.1.tlog
C:\temp\PCSCJavaSolution\vc_workspace\org.zsd.win32.utils\Release\CL.write.1.tlog
C:\TEMP\PCSCJAVASOLUTION\VC_WORKSPACE\ORG.ZSD.WIN32.UTILS\RELEASE\DLLMAIN.OBJ
C:\temp\PCSCJavaSolution\vc_workspace\org.zsd.win32.utils\Release\link.command.1.tlog
C:\temp\PCSCJavaSolution\vc_workspace\org.zsd.win32.utils\Release\link.read.1.tlog
C:\temp\PCSCJavaSolution\vc_workspace\org.zsd.win32.utils\Release\link.write.1.tlog
C:\temp\PCSCJavaSolution\vc_workspace\org.zsd.win32.utils\Release\mt.command.1.tlog
C:\temp\PCSCJavaSolution\vc_workspace\org.zsd.win32.utils\Release\mt.read.1.tlog
C:\temp\PCSCJavaSolution\vc_workspace\org.zsd.win32.utils\Release\mt.write.1.tlog
C:\TEMP\PCSCJAVASOLUTION\VC_WORKSPACE\ORG.ZSD.WIN32.UTILS\RELEASE\ORG.ZSD.WIN32.UTILS.DLL.INTERMEDIATE.MANIFEST
C:\TEMP\PCSCJAVASOLUTION\VC_WORKSPACE\ORG.ZSD.WIN32.UTILS\RELEASE\ORG.ZSD.WIN32.UTILS.PCH
C:\temp\PCSCJavaSolution\vc_workspace\org.zsd.win32.utils\Release\org.zsd.win32.utils.write.1.tlog
C:\TEMP\PCSCJAVASOLUTION\VC_WORKSPACE\ORG.ZSD.WIN32.UTILS\RELEASE\ORG_ZSD_WIN32_UTILS_OSNATIVE.OBJ
C:\TEMP\PCSCJAVASOLUTION\VC_WORKSPACE\ORG.ZSD.WIN32.UTILS\RELEASE\STDAFX.OBJ
C:\TEMP\PCSCJAVASOLUTION\VC_WORKSPACE\ORG.ZSD.WIN32.UTILS\RELEASE\VC100.PDB
C:\TEMP\PCSCJAVASOLUTION\VC_WORKSPACE\RELEASE\ORG.ZSD.WIN32.UTILS.DLL
C:\temp\PCSCJavaSolution\vc_workspace\Release\org.zsd.win32.utils.exp
C:\temp\PCSCJavaSolution\vc_workspace\Release\org.zsd.win32.utils.lib
C:\TEMP\PCSCJAVASOLUTION\VC_WORKSPACE\RELEASE\ORG.ZSD.WIN32.UTILS.PDB
