C:\temp\PCSCJavaSolution\vc_workspace\org.zsd.win32.pcsc\Release\cl.command.1.tlog
C:\temp\PCSCJavaSolution\vc_workspace\org.zsd.win32.pcsc\Release\CL.read.1.tlog
C:\temp\PCSCJavaSolution\vc_workspace\org.zsd.win32.pcsc\Release\CL.write.1.tlog
C:\TEMP\PCSCJAVASOLUTION\VC_WORKSPACE\ORG.ZSD.WIN32.PCSC\RELEASE\DLLMAIN.OBJ
C:\temp\PCSCJavaSolution\vc_workspace\org.zsd.win32.pcsc\Release\link.command.1.tlog
C:\temp\PCSCJavaSolution\vc_workspace\org.zsd.win32.pcsc\Release\link.read.1.tlog
C:\temp\PCSCJavaSolution\vc_workspace\org.zsd.win32.pcsc\Release\link.write.1.tlog
C:\temp\PCSCJavaSolution\vc_workspace\org.zsd.win32.pcsc\Release\mt.command.1.tlog
C:\temp\PCSCJavaSolution\vc_workspace\org.zsd.win32.pcsc\Release\mt.read.1.tlog
C:\temp\PCSCJavaSolution\vc_workspace\org.zsd.win32.pcsc\Release\mt.write.1.tlog
C:\TEMP\PCSCJAVASOLUTION\VC_WORKSPACE\ORG.ZSD.WIN32.PCSC\RELEASE\ORG.ZSD.WIN32.PCSC.DLL.INTERMEDIATE.MANIFEST
C:\TEMP\PCSCJAVASOLUTION\VC_WORKSPACE\ORG.ZSD.WIN32.PCSC\RELEASE\ORG.ZSD.WIN32.PCSC.PCH
C:\temp\PCSCJavaSolution\vc_workspace\org.zsd.win32.pcsc\Release\org.zsd.win32.pcsc.write.1.tlog
C:\TEMP\PCSCJAVASOLUTION\VC_WORKSPACE\ORG.ZSD.WIN32.PCSC\RELEASE\ORG_ZSD_WIN32_PCSC_PCSC.OBJ
C:\TEMP\PCSCJAVASOLUTION\VC_WORKSPACE\ORG.ZSD.WIN32.PCSC\RELEASE\STDAFX.OBJ
C:\TEMP\PCSCJAVASOLUTION\VC_WORKSPACE\ORG.ZSD.WIN32.PCSC\RELEASE\VC100.PDB
C:\TEMP\PCSCJAVASOLUTION\VC_WORKSPACE\RELEASE\ORG.ZSD.WIN32.PCSC.DLL
C:\temp\PCSCJavaSolution\vc_workspace\Release\org.zsd.win32.pcsc.exp
C:\temp\PCSCJavaSolution\vc_workspace\Release\org.zsd.win32.pcsc.lib
C:\TEMP\PCSCJAVASOLUTION\VC_WORKSPACE\RELEASE\ORG.ZSD.WIN32.PCSC.PDB
