Build started 11/22/2014 11:00:38 PM.
     1>Project "C:\shudong\Dropbox\shudong\dev\vs2010\org.zsd.win32.utils\org.zsd.win32.utils\org.zsd.win32.utils.vcxproj" on node 2 (build target(s)).
     1>InitializeBuildStatus:
         Creating "Debug\org.zsd.win32.utils.unsuccessfulbuild" because "AlwaysCreate" was specified.
       ClCompile:
         All outputs are up-to-date.
         c:\Program Files (x86)\Microsoft Visual Studio 10.0\VC\bin\CL.exe /c /IC:\java70\include /IC:\java70\include\win32 /ZI /nologo /W3 /WX- /Od /Oy- /D WIN32 /D _DEBUG /D _WINDOWS /D _USRDLL /D ORGZSDWIN32UTILS_EXPORTS /D _WINDLL /D _UNICODE /D UNICODE /Gm /EHsc /RTC1 /MDd /GS /fp:precise /Zc:wchar_t /Zc:forScope /Yc"StdAfx.h" /Fp"Debug\org.zsd.win32.utils.pch" /Fo"Debug\\" /Fd"Debug\vc100.pdb" /Gd /TP /analyze- /errorReport:prompt stdafx.cpp
         stdafx.cpp
         All outputs are up-to-date.
         c:\Program Files (x86)\Microsoft Visual Studio 10.0\VC\bin\CL.exe /c /IC:\java70\include /IC:\java70\include\win32 /ZI /nologo /W3 /WX- /Od /Oy- /D WIN32 /D _DEBUG /D _WINDOWS /D _USRDLL /D ORGZSDWIN32UTILS_EXPORTS /D _WINDLL /D _UNICODE /D UNICODE /Gm /EHsc /RTC1 /MDd /GS /fp:precise /Zc:wchar_t /Zc:forScope /Fo"Debug\\" /Fd"Debug\vc100.pdb" /Gd /TP /analyze- /errorReport:prompt dllmain.cpp
         dllmain.cpp
         c:\Program Files (x86)\Microsoft Visual Studio 10.0\VC\bin\CL.exe /c /IC:\java70\include /IC:\java70\include\win32 /ZI /nologo /W3 /WX- /Od /Oy- /D WIN32 /D _DEBUG /D _WINDOWS /D _USRDLL /D ORGZSDWIN32UTILS_EXPORTS /D _WINDLL /D _UNICODE /D UNICODE /Gm /EHsc /RTC1 /MDd /GS /fp:precise /Zc:wchar_t /Zc:forScope /Yu"StdAfx.h" /Fp"Debug\org.zsd.win32.utils.pch" /Fo"Debug\\" /Fd"Debug\vc100.pdb" /Gd /TP /analyze- /errorReport:prompt org_zsd_win32_utils_OSNative.cpp
         org_zsd_win32_utils_OSNative.cpp
     1>c:\shudong\dropbox\shudong\dev\vs2010\org.zsd.win32.utils\org.zsd.win32.utils\org_zsd_win32_utils_osnative.cpp(205): warning C4996: 'strncpy': This function or variable may be unsafe. Consider using strncpy_s instead. To disable deprecation, use _CRT_SECURE_NO_WARNINGS. See online help for details.
                 c:\program files (x86)\microsoft visual studio 10.0\vc\include\string.h(188) : see declaration of 'strncpy'
     1>c:\shudong\dropbox\shudong\dev\vs2010\org.zsd.win32.utils\org.zsd.win32.utils\org_zsd_win32_utils_osnative.cpp(212): warning C4996: 'wcsncpy': This function or variable may be unsafe. Consider using wcsncpy_s instead. To disable deprecation, use _CRT_SECURE_NO_WARNINGS. See online help for details.
                 c:\program files (x86)\microsoft visual studio 10.0\vc\include\string.h(306) : see declaration of 'wcsncpy'
       ManifestResourceCompile:
         All outputs are up-to-date.
       Link:
         c:\Program Files (x86)\Microsoft Visual Studio 10.0\VC\bin\link.exe /ERRORREPORT:PROMPT /OUT:"C:\shudong\Dropbox\shudong\dev\vs2010\org.zsd.win32.utils\Debug\org.zsd.win32.utils.dll" /INCREMENTAL /NOLOGO kernel32.lib user32.lib gdi32.lib winspool.lib comdlg32.lib advapi32.lib shell32.lib ole32.lib oleaut32.lib uuid.lib odbc32.lib odbccp32.lib /MANIFEST /ManifestFile:"Debug\org.zsd.win32.utils.dll.intermediate.manifest" /MANIFESTUAC:"level='asInvoker' uiAccess='false'" /DEBUG /PDB:"C:\shudong\Dropbox\shudong\dev\vs2010\org.zsd.win32.utils\Debug\org.zsd.win32.utils.pdb" /SUBSYSTEM:WINDOWS /TLBID:1 /DYNAMICBASE /NXCOMPAT /IMPLIB:"C:\shudong\Dropbox\shudong\dev\vs2010\org.zsd.win32.utils\Debug\org.zsd.win32.utils.lib" /MACHINE:X86 /DLL Debug\org.zsd.win32.utils.dll.embed.manifest.res
         Debug\dllmain.obj
         Debug\org_zsd_win32_utils_OSNative.obj
         Debug\stdafx.obj
            Creating library C:\shudong\Dropbox\shudong\dev\vs2010\org.zsd.win32.utils\Debug\org.zsd.win32.utils.lib and object C:\shudong\Dropbox\shudong\dev\vs2010\org.zsd.win32.utils\Debug\org.zsd.win32.utils.exp
       Manifest:
         C:\Program Files (x86)\Microsoft SDKs\Windows\v7.0A\bin\mt.exe /nologo /verbose /out:"Debug\org.zsd.win32.utils.dll.embed.manifest" /manifest Debug\org.zsd.win32.utils.dll.intermediate.manifest
         All outputs are up-to-date.
       LinkEmbedManifest:
         All outputs are up-to-date.
         org.zsd.win32.utils.vcxproj -> C:\shudong\Dropbox\shudong\dev\vs2010\org.zsd.win32.utils\Debug\org.zsd.win32.utils.dll
       FinalizeBuildStatus:
         Deleting file "Debug\org.zsd.win32.utils.unsuccessfulbuild".
         Touching "Debug\org.zsd.win32.utils.lastbuildstate".
     1>Done Building Project "C:\shudong\Dropbox\shudong\dev\vs2010\org.zsd.win32.utils\org.zsd.win32.utils\org.zsd.win32.utils.vcxproj" (build target(s)).

Build succeeded.

Time Elapsed 00:00:02.17
